2022-03-16 17:23:30 Loading main app package /tmp/.mount_Obsidi5yVdOt/resources/obsidian.asar
2022-03-16 17:23:30 Checking for update using Github
2022-03-16 17:23:31 Success.
2022-03-16 17:23:31 Latest version is 0.13.33
2022-03-16 17:23:31 Downloading update from https://github.com/obsidianmd/obsidian-releases/releases/download/v0.13.33/obsidian-0.13.33.asar.gz
2022-03-16 17:23:38 Verifying hash & signature. Size= 12043312
2022-03-16 17:23:38 Saving file
2022-03-16 17:23:38 Update complete.
2022-03-16 17:26:05 Loading updated app package /home/fernando/.config/obsidian/obsidian-0.13.33.asar
2022-03-16 17:26:05 Checking for update using Github
2022-03-16 17:26:05 Success.
2022-03-16 17:26:05 Latest version is 0.13.33
2022-03-16 17:26:05 App is up to date.
2022-03-16 18:26:05 Checking for update using Github
2022-03-16 18:26:05 Success.
2022-03-16 18:26:05 Latest version is 0.13.33
2022-03-16 18:26:05 App is up to date.
2022-03-16 19:26:05 Checking for update using Github
2022-03-16 19:26:05 Success.
2022-03-16 19:26:05 Latest version is 0.13.33
2022-03-16 19:26:05 App is up to date.
2022-03-16 20:26:05 Checking for update using Github
2022-03-16 20:26:05 Success.
2022-03-16 20:26:05 Latest version is 0.13.33
2022-03-16 20:26:05 App is up to date.
2022-03-16 21:26:05 Checking for update using Github
2022-03-16 21:26:05 Success.
2022-03-16 21:26:05 Latest version is 0.13.33
2022-03-16 21:26:05 App is up to date.
2022-03-16 22:26:05 Checking for update using Github
2022-03-16 22:26:05 Success.
2022-03-16 22:26:05 Latest version is 0.13.33
2022-03-16 22:26:05 App is up to date.
2022-03-16 23:26:05 Checking for update using Github
2022-03-16 23:26:05 Success.
2022-03-16 23:26:05 Latest version is 0.13.33
2022-03-16 23:26:05 App is up to date.
2022-03-17 00:03:39 Loading updated app package /home/fernando/.config/obsidian/obsidian-0.13.33.asar
2022-03-17 00:03:41 Checking for update using Github
2022-03-17 00:03:41 Success.
2022-03-17 00:03:41 Latest version is 0.13.33
2022-03-17 00:03:41 App is up to date.
2022-03-17 01:03:39 Checking for update using Github
2022-03-17 01:03:39 Success.
2022-03-17 01:03:39 Latest version is 0.13.33
2022-03-17 01:03:39 App is up to date.
2022-03-17 02:03:39 Checking for update using Github
2022-03-17 02:03:40 Success.
2022-03-17 02:03:40 Latest version is 0.13.33
2022-03-17 02:03:40 App is up to date.
2022-03-17 03:03:39 Checking for update using Github
2022-03-17 03:03:39 Success.
2022-03-17 03:03:39 Latest version is 0.13.33
2022-03-17 03:03:39 App is up to date.
2022-03-17 04:03:39 Checking for update using Github
2022-03-17 04:03:40 Success.
2022-03-17 04:03:40 Latest version is 0.13.33
2022-03-17 04:03:40 App is up to date.
2022-03-17 05:03:40 Checking for update using Github
2022-03-17 05:03:40 Success.
2022-03-17 05:03:40 Latest version is 0.13.33
2022-03-17 05:03:40 App is up to date.
2022-03-17 06:03:40 Checking for update using Github
2022-03-17 06:03:40 Success.
2022-03-17 06:03:40 Latest version is 0.13.33
2022-03-17 06:03:40 App is up to date.
2022-03-17 07:03:40 Checking for update using Github
2022-03-17 07:03:40 Success.
2022-03-17 07:03:40 Latest version is 0.13.33
2022-03-17 07:03:40 App is up to date.
2022-03-17 08:03:40 Checking for update using Github
2022-03-17 08:03:40 Success.
2022-03-17 08:03:40 Latest version is 0.13.33
2022-03-17 08:03:40 App is up to date.
2022-03-17 09:03:40 Checking for update using Github
2022-03-17 09:03:40 Success.
2022-03-17 09:03:40 Latest version is 0.13.33
2022-03-17 09:03:40 App is up to date.
2022-03-17 10:03:40 Checking for update using Github
2022-03-17 10:03:40 Success.
2022-03-17 10:03:40 Latest version is 0.13.33
2022-03-17 10:03:40 App is up to date.
2022-03-17 11:03:40 Checking for update using Github
2022-03-17 11:03:40 Success.
2022-03-17 11:03:40 Latest version is 0.13.33
2022-03-17 11:03:40 App is up to date.
2022-03-17 12:03:40 Checking for update using Github
2022-03-17 12:03:40 Success.
2022-03-17 12:03:40 Latest version is 0.13.33
2022-03-17 12:03:40 App is up to date.
2022-03-17 13:03:40 Checking for update using Github
2022-03-17 13:03:40 Success.
2022-03-17 13:03:40 Latest version is 0.13.33
2022-03-17 13:03:40 App is up to date.
2022-03-17 14:03:40 Checking for update using Github
2022-03-17 14:03:40 Success.
2022-03-17 14:03:40 Latest version is 0.13.33
2022-03-17 14:03:40 App is up to date.
2022-03-17 15:03:40 Checking for update using Github
2022-03-17 15:03:40 Success.
2022-03-17 15:03:40 Latest version is 0.13.33
2022-03-17 15:03:40 App is up to date.
2022-03-17 16:03:40 Checking for update using Github
2022-03-17 16:03:40 Success.
2022-03-17 16:03:40 Latest version is 0.13.33
2022-03-17 16:03:40 App is up to date.
2022-03-17 20:45:36 Loading updated app package /home/fernando/.config/obsidian/obsidian-0.13.33.asar
2022-03-17 20:45:38 Checking for update using Github
2022-03-17 20:45:38 Success.
2022-03-17 20:45:38 Latest version is 0.13.33
2022-03-17 20:45:38 App is up to date.
2022-03-17 21:45:36 Checking for update using Github
2022-03-17 21:45:36 Success.
2022-03-17 21:45:36 Latest version is 0.13.33
2022-03-17 21:45:36 App is up to date.
2022-03-17 22:45:36 Checking for update using Github
2022-03-17 22:45:36 Success.
2022-03-17 22:45:36 Latest version is 0.13.33
2022-03-17 22:45:36 App is up to date.
2022-03-17 23:45:36 Checking for update using Github
2022-03-17 23:45:36 Success.
2022-03-17 23:45:36 Latest version is 0.13.33
2022-03-17 23:45:36 App is up to date.
2022-03-18 00:45:36 Checking for update using Github
2022-03-18 00:45:36 Success.
2022-03-18 00:45:36 Latest version is 0.13.33
2022-03-18 00:45:36 App is up to date.
2022-03-18 01:45:36 Checking for update using Github
2022-03-18 01:45:36 Success.
2022-03-18 01:45:36 Latest version is 0.13.33
2022-03-18 01:45:36 App is up to date.
2022-03-18 02:45:36 Checking for update using Github
2022-03-18 02:45:37 Success.
2022-03-18 02:45:37 Latest version is 0.13.33
2022-03-18 02:45:37 App is up to date.
2022-03-18 03:45:37 Checking for update using Github
2022-03-18 03:45:37 Success.
2022-03-18 03:45:37 Latest version is 0.13.33
2022-03-18 03:45:37 App is up to date.
2022-03-18 04:45:37 Checking for update using Github
2022-03-18 04:45:37 Success.
2022-03-18 04:45:37 Latest version is 0.13.33
2022-03-18 04:45:37 App is up to date.
2022-03-18 05:45:37 Checking for update using Github
2022-03-18 05:45:37 Success.
2022-03-18 05:45:37 Latest version is 0.13.33
2022-03-18 05:45:37 App is up to date.
2022-03-18 06:45:37 Checking for update using Github
2022-03-18 06:45:37 Success.
2022-03-18 06:45:37 Latest version is 0.13.33
2022-03-18 06:45:37 App is up to date.
2022-03-18 07:45:37 Checking for update using Github
2022-03-18 07:45:37 Success.
2022-03-18 07:45:37 Latest version is 0.13.33
2022-03-18 07:45:37 App is up to date.
2022-03-18 08:45:37 Checking for update using Github
2022-03-18 08:45:37 Success.
2022-03-18 08:45:37 Latest version is 0.13.33
2022-03-18 08:45:37 App is up to date.
2022-03-18 09:45:37 Checking for update using Github
2022-03-18 09:45:37 Success.
2022-03-18 09:45:37 Latest version is 0.13.33
2022-03-18 09:45:37 App is up to date.
2022-03-18 10:45:37 Checking for update using Github
2022-03-18 10:45:37 Success.
2022-03-18 10:45:37 Latest version is 0.13.33
2022-03-18 10:45:37 App is up to date.
2022-03-18 11:45:37 Checking for update using Github
2022-03-18 11:45:37 Success.
2022-03-18 11:45:37 Latest version is 0.13.33
2022-03-18 11:45:37 App is up to date.
2022-03-18 12:45:37 Checking for update using Github
2022-03-18 12:45:42 Success.
2022-03-18 12:45:42 Latest version is 0.13.33
2022-03-18 12:45:42 App is up to date.
2022-03-18 13:45:37 Checking for update using Github
2022-03-18 13:45:37 Success.
2022-03-18 13:45:37 Latest version is 0.13.33
2022-03-18 13:45:37 App is up to date.
2022-03-18 14:45:37 Checking for update using Github
2022-03-18 14:45:37 Success.
2022-03-18 14:45:37 Latest version is 0.13.33
2022-03-18 14:45:37 App is up to date.
2022-03-18 15:45:38 Checking for update using Github
2022-03-18 15:45:38 Success.
2022-03-18 15:45:38 Latest version is 0.13.33
2022-03-18 15:45:38 App is up to date.
2022-03-18 16:45:38 Checking for update using Github
2022-03-18 16:45:38 Success.
2022-03-18 16:45:38 Latest version is 0.13.33
2022-03-18 16:45:38 App is up to date.
2022-03-18 17:45:38 Checking for update using Github
2022-03-18 17:45:38 Success.
2022-03-18 17:45:38 Latest version is 0.13.33
2022-03-18 17:45:38 App is up to date.
2022-03-18 18:45:38 Checking for update using Github
2022-03-18 18:45:38 Success.
2022-03-18 18:45:38 Latest version is 0.13.33
2022-03-18 18:45:38 App is up to date.
2022-03-18 19:45:38 Checking for update using Github
2022-03-18 19:45:38 Success.
2022-03-18 19:45:38 Latest version is 0.13.33
2022-03-18 19:45:38 App is up to date.
2022-03-18 20:45:38 Checking for update using Github
2022-03-18 20:45:38 Success.
2022-03-18 20:45:38 Latest version is 0.13.33
2022-03-18 20:45:38 App is up to date.
2022-03-18 21:45:38 Checking for update using Github
2022-03-18 21:45:38 Success.
2022-03-18 21:45:38 Latest version is 0.13.33
2022-03-18 21:45:38 App is up to date.
2022-03-18 22:45:38 Checking for update using Github
2022-03-18 22:45:38 Success.
2022-03-18 22:45:38 Latest version is 0.13.33
2022-03-18 22:45:38 App is up to date.
2022-03-18 23:45:38 Checking for update using Github
2022-03-18 23:45:38 Success.
2022-03-18 23:45:38 Latest version is 0.13.33
2022-03-18 23:45:38 App is up to date.
2022-03-19 00:45:38 Checking for update using Github
2022-03-19 00:45:38 Success.
2022-03-19 00:45:38 Latest version is 0.13.33
2022-03-19 00:45:38 App is up to date.
2022-03-19 01:45:38 Checking for update using Github
2022-03-19 01:45:38 Success.
2022-03-19 01:45:38 Latest version is 0.13.33
2022-03-19 01:45:38 App is up to date.
2022-03-19 02:45:38 Checking for update using Github
2022-03-19 02:45:38 Success.
2022-03-19 02:45:38 Latest version is 0.13.33
2022-03-19 02:45:38 App is up to date.
2022-03-19 03:45:38 Checking for update using Github
2022-03-19 03:45:38 Success.
2022-03-19 03:45:38 Latest version is 0.13.33
2022-03-19 03:45:38 App is up to date.
2022-03-19 04:45:38 Checking for update using Github
2022-03-19 04:45:39 Success.
2022-03-19 04:45:39 Latest version is 0.13.33
2022-03-19 04:45:39 App is up to date.
2022-03-19 05:45:39 Checking for update using Github
2022-03-19 05:45:39 Success.
2022-03-19 05:45:39 Latest version is 0.13.33
2022-03-19 05:45:39 App is up to date.
2022-03-19 06:45:39 Checking for update using Github
2022-03-19 06:45:39 Success.
2022-03-19 06:45:39 Latest version is 0.13.33
2022-03-19 06:45:39 App is up to date.
2022-03-19 07:45:39 Checking for update using Github
2022-03-19 07:45:39 Success.
2022-03-19 07:45:39 Latest version is 0.13.33
2022-03-19 07:45:39 App is up to date.
2022-03-19 08:45:39 Checking for update using Github
2022-03-19 08:45:39 Success.
2022-03-19 08:45:39 Latest version is 0.13.33
2022-03-19 08:45:39 App is up to date.
2022-03-19 09:45:39 Checking for update using Github
2022-03-19 09:45:39 Success.
2022-03-19 09:45:39 Latest version is 0.13.33
2022-03-19 09:45:39 App is up to date.
2022-03-19 10:45:39 Checking for update using Github
2022-03-19 10:45:39 Success.
2022-03-19 10:45:39 Latest version is 0.13.33
2022-03-19 10:45:39 App is up to date.
2022-03-19 11:45:39 Checking for update using Github
2022-03-19 11:45:39 Success.
2022-03-19 11:45:39 Latest version is 0.13.33
2022-03-19 11:45:39 App is up to date.
2022-03-19 12:45:39 Checking for update using Github
2022-03-19 12:45:39 Success.
2022-03-19 12:45:39 Latest version is 0.13.33
2022-03-19 12:45:39 App is up to date.
2022-03-19 13:45:39 Checking for update using Github
2022-03-19 13:45:39 Success.
2022-03-19 13:45:39 Latest version is 0.13.33
2022-03-19 13:45:39 App is up to date.
2022-03-19 14:45:39 Checking for update using Github
2022-03-19 14:45:39 Success.
2022-03-19 14:45:39 Latest version is 0.13.33
2022-03-19 14:45:39 App is up to date.
2022-03-19 15:45:39 Checking for update using Github
2022-03-19 15:45:39 Success.
2022-03-19 15:45:39 Latest version is 0.13.33
2022-03-19 15:45:39 App is up to date.
2022-03-19 16:45:39 Checking for update using Github
2022-03-19 16:45:39 Success.
2022-03-19 16:45:39 Latest version is 0.13.33
2022-03-19 16:45:39 App is up to date.
2022-03-19 17:45:39 Checking for update using Github
2022-03-19 17:45:44 Success.
2022-03-19 17:45:44 Latest version is 0.13.33
2022-03-19 17:45:44 App is up to date.
2022-03-19 18:45:39 Checking for update using Github
2022-03-19 18:45:39 Success.
2022-03-19 18:45:39 Latest version is 0.13.33
2022-03-19 18:45:39 App is up to date.
2022-03-19 19:45:39 Checking for update using Github
2022-03-19 19:45:39 Success.
2022-03-19 19:45:39 Latest version is 0.13.33
2022-03-19 19:45:39 App is up to date.
2022-03-19 20:45:39 Checking for update using Github
2022-03-19 20:45:40 Success.
2022-03-19 20:45:40 Latest version is 0.13.33
2022-03-19 20:45:40 App is up to date.
2022-03-19 21:45:40 Checking for update using Github
2022-03-19 21:45:40 Success.
2022-03-19 21:45:40 Latest version is 0.13.33
2022-03-19 21:45:40 App is up to date.
2022-03-19 22:45:40 Checking for update using Github
2022-03-19 22:45:40 Success.
2022-03-19 22:45:40 Latest version is 0.13.33
2022-03-19 22:45:40 App is up to date.
2022-03-19 23:45:40 Checking for update using Github
2022-03-19 23:45:40 Success.
2022-03-19 23:45:40 Latest version is 0.13.33
2022-03-19 23:45:40 App is up to date.
2022-03-20 00:45:40 Checking for update using Github
2022-03-20 00:45:40 Success.
2022-03-20 00:45:40 Latest version is 0.13.33
2022-03-20 00:45:40 App is up to date.
2022-03-20 01:45:40 Checking for update using Github
2022-03-20 01:45:40 Success.
2022-03-20 01:45:40 Latest version is 0.13.33
2022-03-20 01:45:40 App is up to date.
2022-03-20 02:45:40 Checking for update using Github
2022-03-20 02:45:40 Success.
2022-03-20 02:45:40 Latest version is 0.13.33
2022-03-20 02:45:40 App is up to date.
2022-03-20 03:45:40 Checking for update using Github
2022-03-20 03:45:40 Success.
2022-03-20 03:45:40 Latest version is 0.13.33
2022-03-20 03:45:40 App is up to date.
2022-03-20 04:45:40 Checking for update using Github
2022-03-20 04:45:40 Success.
2022-03-20 04:45:40 Latest version is 0.13.33
2022-03-20 04:45:40 App is up to date.
2022-03-20 05:45:40 Checking for update using Github
2022-03-20 05:45:40 Success.
2022-03-20 05:45:40 Latest version is 0.13.33
2022-03-20 05:45:40 App is up to date.
2022-03-20 06:45:40 Checking for update using Github
2022-03-20 06:45:40 Success.
2022-03-20 06:45:40 Latest version is 0.13.33
2022-03-20 06:45:40 App is up to date.
2022-03-20 07:45:40 Checking for update using Github
2022-03-20 07:45:40 Success.
2022-03-20 07:45:40 Latest version is 0.13.33
2022-03-20 07:45:40 App is up to date.
2022-03-20 08:45:40 Checking for update using Github
2022-03-20 08:45:40 Success.
2022-03-20 08:45:40 Latest version is 0.13.33
2022-03-20 08:45:40 App is up to date.
2022-03-20 09:45:40 Checking for update using Github
2022-03-20 09:45:40 Success.
2022-03-20 09:45:40 Latest version is 0.13.33
2022-03-20 09:45:40 App is up to date.
2022-03-20 10:45:40 Checking for update using Github
2022-03-20 10:45:41 Success.
2022-03-20 10:45:41 Latest version is 0.13.33
2022-03-20 10:45:41 App is up to date.
2022-03-20 11:45:41 Checking for update using Github
2022-03-20 11:45:41 Success.
2022-03-20 11:45:41 Latest version is 0.13.33
2022-03-20 11:45:41 App is up to date.
2022-03-20 12:45:41 Checking for update using Github
2022-03-20 12:45:41 Success.
2022-03-20 12:45:41 Latest version is 0.13.33
2022-03-20 12:45:41 App is up to date.
2022-03-20 13:45:41 Checking for update using Github
2022-03-20 13:45:41 Success.
2022-03-20 13:45:41 Latest version is 0.13.33
2022-03-20 13:45:41 App is up to date.
2022-03-20 14:45:41 Checking for update using Github
2022-03-20 14:45:41 Success.
2022-03-20 14:45:41 Latest version is 0.13.33
2022-03-20 14:45:41 App is up to date.
